[debug] [2019-11-02T09:02:39.546Z] ----------------------------------------------------------------------
[debug] [2019-11-02T09:02:39.546Z] Command:       C:\Program Files\nodejs\node.exe C:\Users\Shafique Abbasi\AppData\Roaming\npm\node_modules\firebase-tools\lib\bin\firebase.js init
[debug] [2019-11-02T09:02:39.546Z] CLI Version:   7.6.2
[debug] [2019-11-02T09:02:39.546Z] Platform:      win32
[debug] [2019-11-02T09:02:39.546Z] Node Version:  v10.16.3
[debug] [2019-11-02T09:02:39.546Z] Time:          Sat Nov 02 2019 02:02:39 GMT-0700 (Pacific Daylight Time)
[debug] [2019-11-02T09:02:39.546Z] ----------------------------------------------------------------------
[debug] [2019-11-02T09:02:39.546Z] 
[debug] [2019-11-02T09:02:39.578Z] > command requires scopes: ["email","openid","https://www.googleapis.com/auth/cloudplatformprojects.readonly","https://www.googleapis.com/auth/firebase","https://www.googleapis.com/auth/cloud-platform"]
[debug] [2019-11-02T09:02:39.578Z] > authorizing via signed-in user
[info] 
     ######## #### ########  ######## ########     ###     ######  ########
     ##        ##  ##     ## ##       ##     ##  ##   ##  ##       ##
     ######    ##  ########  ######   ########  #########  ######  ######
     ##        ##  ##    ##  ##       ##     ## ##     ##       ## ##
     ##       #### ##     ## ######## ########  ##     ##  ######  ########

You're about to initialize a Firebase project in this directory:

  E:\Expertizo\Assignments\fireBaseHosting2

[info] 
=== Project Setup
[info] 
[info] First, let's associate this project directory with a Firebase project.
[info] You can create multiple project aliases by running firebase use --add, 
[info] but for now we'll just set up a default project.
[info] 
[debug] [2019-11-02T09:03:30.998Z] Error: kill ENOSYS
    at process.kill (internal/process/per_thread.js:198:13)
    at process.listener (C:\Users\Shafique Abbasi\AppData\Roaming\npm\node_modules\firebase-tools\node_modules\signal-exit\index.js:95:15)
    at process.emit (events.js:198:13)
[error] 
[error] Error: An unexpected error has occurred.
